{"/Users/bharat/Desktop/react-news/src/components/PageHeader.tsx": {"path":"/Users/bharat/Desktop/react-news/src/components/PageHeader.tsx","statementMap":{"0":{"start":{"line":3,"column":0},"end":{"line":3,"column":66}},"1":{"start":{"line":5,"column":0},"end":{"line":5,"column":34}},"2":{"start":{"line":17,"column":2},"end":{"line":21,"column":4}},"3":{"start":{"line":84,"column":9},"end":{"line":84,"column":19}},"4":{"start":{"line":24,"column":24},"end":{"line":37,"column":null}},"5":{"start":{"line":52,"column":2},"end":{"line":54,"column":4}},"6":{"start":{"line":84,"column":44},"end":{"line":84,"column":61}},"7":{"start":{"line":57,"column":28},"end":{"line":68,"column":2}},"8":{"start":{"line":79,"column":2},"end":{"line":81,"column":4}},"9":{"start":{"line":84,"column":21},"end":{"line":84,"column":42}}},"fnMap":{"0":{"name":"PageHeader","decl":{"start":{"line":11,"column":9},"end":{"line":11,"column":19}},"loc":{"start":{"line":16,"column":18},"end":{"line":22,"column":1}}},"1":{"name":"PageHeaderHeading","decl":{"start":{"line":46,"column":9},"end":{"line":46,"column":26}},"loc":{"start":{"line":51,"column":25},"end":{"line":55,"column":1}}},"2":{"name":"PageHeaderDescription","decl":{"start":{"line":74,"column":9},"end":{"line":74,"column":30}},"loc":{"start":{"line":78,"column":29},"end":{"line":82,"column":1}}}},"branchMap":{"0":{"loc":{"start":{"line":14,"column":6},"end":{"line":14,"column":22}},"type":"default-arg","locations":[{"start":{"line":14,"column":13},"end":{"line":14,"column":22}}]},"1":{"loc":{"start":{"line":49,"column":6},"end":{"line":49,"column":17}},"type":"default-arg","locations":[{"start":{"line":49,"column":13},"end":{"line":49,"column":17}}]}},"s":{"0":1,"1":1,"2":4,"3":1,"4":1,"5":4,"6":1,"7":1,"8":0,"9":1},"f":{"0":4,"1":4,"2":0},"b":{"0":[4],"1":[4]}}
,"/Users/bharat/Desktop/react-news/src/components/LandingPage/PopularNews.tsx": {"path":"/Users/bharat/Desktop/react-news/src/components/LandingPage/PopularNews.tsx","statementMap":{"0":{"start":{"line":1,"column":0},"end":{"line":1,"column":47}},"1":{"start":{"line":2,"column":0},"end":{"line":2,"column":50}},"2":{"start":{"line":3,"column":0},"end":{"line":3,"column":44}},"3":{"start":{"line":4,"column":0},"end":{"line":4,"column":45}},"4":{"start":{"line":6,"column":0},"end":{"line":6,"column":61}},"5":{"start":{"line":7,"column":0},"end":{"line":7,"column":42}},"6":{"start":{"line":9,"column":0},"end":{"line":9,"column":62}},"7":{"start":{"line":11,"column":20},"end":{"line":54,"column":1}},"8":{"start":{"line":12,"column":40},"end":{"line":12,"column":67}},"9":{"start":{"line":13,"column":36},"end":{"line":13,"column":59}},"10":{"start":{"line":14,"column":2},"end":{"line":30,"column":9}},"11":{"start":{"line":15,"column":29},"end":{"line":28,"column":5}},"12":{"start":{"line":16,"column":6},"end":{"line":27,"column":7}},"13":{"start":{"line":17,"column":39},"end":{"line":20,"column":10}},"14":{"start":{"line":21,"column":8},"end":{"line":21,"column":42}},"15":{"start":{"line":22,"column":8},"end":{"line":22,"column":48}},"16":{"start":{"line":23,"column":8},"end":{"line":23,"column":28}},"17":{"start":{"line":25,"column":8},"end":{"line":25,"column":28}},"18":{"start":{"line":26,"column":8},"end":{"line":26,"column":27}},"19":{"start":{"line":29,"column":4},"end":{"line":29,"column":23}},"20":{"start":{"line":31,"column":2},"end":{"line":53,"column":4}},"21":{"start":{"line":39,"column":12},"end":{"line":39,"column":44}},"22":{"start":{"line":43,"column":37},"end":{"line":43,"column":76}},"23":{"start":{"line":56,"column":0},"end":{"line":56,"column":27}}},"fnMap":{"0":{"name":"(anonymous_1)","decl":{"start":{"line":11,"column":20},"end":{"line":11,"column":23}},"loc":{"start":{"line":11,"column":25},"end":{"line":54,"column":1}}},"1":{"name":"(anonymous_2)","decl":{"start":{"line":14,"column":12},"end":{"line":14,"column":15}},"loc":{"start":{"line":14,"column":17},"end":{"line":30,"column":3}}},"2":{"name":"(anonymous_3)","decl":{"start":{"line":15,"column":29},"end":{"line":15,"column":34}},"loc":{"start":{"line":15,"column":40},"end":{"line":28,"column":5}}},"3":{"name":"(anonymous_4)","decl":{"start":{"line":38,"column":33},"end":{"line":38,"column":34}},"loc":{"start":{"line":39,"column":12},"end":{"line":39,"column":44}}},"4":{"name":"(anonymous_5)","decl":{"start":{"line":43,"column":27},"end":{"line":43,"column":28}},"loc":{"start":{"line":43,"column":37},"end":{"line":43,"column":76}}}},"branchMap":{"0":{"loc":{"start":{"line":37,"column":9},"end":{"line":40,"column":12}},"type":"binary-expr","locations":[{"start":{"line":37,"column":9},"end":{"line":37,"column":18}},{"start":{"line":38,"column":10},"end":{"line":40,"column":12}}]},"1":{"loc":{"start":{"line":42,"column":9},"end":{"line":43,"column":77}},"type":"binary-expr","locations":[{"start":{"line":42,"column":9},"end":{"line":42,"column":19}},{"start":{"line":43,"column":10},"end":{"line":43,"column":77}}]},"2":{"loc":{"start":{"line":45,"column":7},"end":{"line":50,"column":null}},"type":"binary-expr","locations":[{"start":{"line":45,"column":7},"end":{"line":45,"column":32}},{"start":{"line":45,"column":36},"end":{"line":45,"column":46}},{"start":{"line":46,"column":8},"end":{"line":49,"column":null}}]}},"s":{"0":1,"1":1,"2":1,"3":1,"4":1,"5":1,"6":1,"7":1,"8":4,"9":4,"10":4,"11":2,"12":2,"13":2,"14":2,"15":2,"16":2,"17":0,"18":0,"19":2,"20":4,"21":12,"22":0,"23":1},"f":{"0":4,"1":2,"2":2,"3":12,"4":0},"b":{"0":[4,2],"1":[4,2],"2":[4,3,1]}}
,"/Users/bharat/Desktop/react-news/src/components/shared/NewsCard.tsx": {"path":"/Users/bharat/Desktop/react-news/src/components/shared/NewsCard.tsx","statementMap":{"0":{"start":{"line":1,"column":0},"end":{"line":1,"column":40}},"1":{"start":{"line":2,"column":0},"end":{"line":2,"column":74}},"2":{"start":{"line":5,"column":17},"end":{"line":29,"column":1}},"3":{"start":{"line":6,"column":2},"end":{"line":28,"column":4}},"4":{"start":{"line":31,"column":0},"end":{"line":31,"column":24}}},"fnMap":{"0":{"name":"(anonymous_0)","decl":{"start":{"line":5,"column":17},"end":{"line":5,"column":18}},"loc":{"start":{"line":5,"column":53},"end":{"line":29,"column":1}}}},"branchMap":{"0":{"loc":{"start":{"line":11,"column":12},"end":{"line":11,"column":null}},"type":"binary-expr","locations":[{"start":{"line":11,"column":12},"end":{"line":11,"column":54}},{"start":{"line":11,"column":58},"end":{"line":11,"column":null}}]}},"s":{"0":1,"1":1,"2":1,"3":0,"4":1},"f":{"0":0},"b":{"0":[0,0]}}
,"/Users/bharat/Desktop/react-news/src/components/skeletons/NewsCardSkeleton.tsx": {"path":"/Users/bharat/Desktop/react-news/src/components/skeletons/NewsCardSkeleton.tsx","statementMap":{"0":{"start":{"line":1,"column":0},"end":{"line":1,"column":34}},"1":{"start":{"line":2,"column":0},"end":{"line":2,"column":42}},"2":{"start":{"line":4,"column":25},"end":{"line":20,"column":1}},"3":{"start":{"line":5,"column":2},"end":{"line":19,"column":4}},"4":{"start":{"line":22,"column":0},"end":{"line":22,"column":32}}},"fnMap":{"0":{"name":"(anonymous_0)","decl":{"start":{"line":4,"column":25},"end":{"line":4,"column":28}},"loc":{"start":{"line":4,"column":30},"end":{"line":20,"column":1}}}},"branchMap":{},"s":{"0":1,"1":1,"2":1,"3":12,"4":1},"f":{"0":12},"b":{}}
,"/Users/bharat/Desktop/react-news/src/components/ui/Card.tsx": {"path":"/Users/bharat/Desktop/react-news/src/components/ui/Card.tsx","statementMap":{"0":{"start":{"line":1,"column":0},"end":{"line":1,"column":31}},"1":{"start":{"line":3,"column":0},"end":{"line":3,"column":37}},"2":{"start":{"line":5,"column":13},"end":{"line":19,"column":2}},"3":{"start":{"line":11,"column":2},"end":{"line":17,"column":null}},"4":{"start":{"line":79,"column":2},"end":{"line":79,"column":6}},"5":{"start":{"line":20,"column":0},"end":{"line":20,"column":26}},"6":{"start":{"line":22,"column":19},"end":{"line":31,"column":2}},"7":{"start":{"line":26,"column":2},"end":{"line":29,"column":null}},"8":{"start":{"line":83,"column":2},"end":{"line":83,"column":12}},"9":{"start":{"line":32,"column":0},"end":{"line":32,"column":38}},"10":{"start":{"line":34,"column":18},"end":{"line":43,"column":2}},"11":{"start":{"line":38,"column":2},"end":{"line":41,"column":null}},"12":{"start":{"line":84,"column":2},"end":{"line":84,"column":11}},"13":{"start":{"line":44,"column":0},"end":{"line":44,"column":36}},"14":{"start":{"line":46,"column":24},"end":{"line":55,"column":2}},"15":{"start":{"line":50,"column":2},"end":{"line":53,"column":null}},"16":{"start":{"line":81,"column":2},"end":{"line":81,"column":17}},"17":{"start":{"line":56,"column":0},"end":{"line":56,"column":48}},"18":{"start":{"line":58,"column":20},"end":{"line":63,"column":2}},"19":{"start":{"line":62,"column":2},"end":{"line":62,"column":68}},"20":{"start":{"line":80,"column":2},"end":{"line":80,"column":13}},"21":{"start":{"line":64,"column":0},"end":{"line":64,"column":40}},"22":{"start":{"line":66,"column":19},"end":{"line":75,"column":2}},"23":{"start":{"line":70,"column":2},"end":{"line":73,"column":null}},"24":{"start":{"line":82,"column":2},"end":{"line":82,"column":12}},"25":{"start":{"line":76,"column":0},"end":{"line":76,"column":38}}},"fnMap":{"0":{"name":"(anonymous_6)","decl":{"start":{"line":10,"column":2},"end":{"line":10,"column":3}},"loc":{"start":{"line":11,"column":2},"end":{"line":17,"column":null}}},"1":{"name":"(anonymous_7)","decl":{"start":{"line":25,"column":2},"end":{"line":25,"column":3}},"loc":{"start":{"line":26,"column":2},"end":{"line":29,"column":null}}},"2":{"name":"(anonymous_8)","decl":{"start":{"line":37,"column":2},"end":{"line":37,"column":3}},"loc":{"start":{"line":38,"column":2},"end":{"line":41,"column":null}}},"3":{"name":"(anonymous_9)","decl":{"start":{"line":49,"column":2},"end":{"line":49,"column":3}},"loc":{"start":{"line":50,"column":2},"end":{"line":53,"column":null}}},"4":{"name":"(anonymous_10)","decl":{"start":{"line":61,"column":2},"end":{"line":61,"column":3}},"loc":{"start":{"line":62,"column":2},"end":{"line":62,"column":68}}},"5":{"name":"(anonymous_11)","decl":{"start":{"line":69,"column":2},"end":{"line":69,"column":3}},"loc":{"start":{"line":70,"column":2},"end":{"line":73,"column":null}}}},"branchMap":{"0":{"loc":{"start":{"line":10,"column":20},"end":{"line":10,"column":32}},"type":"default-arg","locations":[{"start":{"line":10,"column":27},"end":{"line":10,"column":32}}]},"1":{"loc":{"start":{"line":37,"column":20},"end":{"line":37,"column":31}},"type":"default-arg","locations":[{"start":{"line":37,"column":27},"end":{"line":37,"column":31}}]}},"s":{"0":1,"1":1,"2":1,"3":13,"4":1,"5":1,"6":1,"7":0,"8":1,"9":1,"10":1,"11":1,"12":1,"13":1,"14":1,"15":0,"16":1,"17":1,"18":1,"19":0,"20":1,"21":1,"22":1,"23":0,"24":1,"25":1},"f":{"0":13,"1":0,"2":1,"3":0,"4":0,"5":0},"b":{"0":[1],"1":[0]}}
,"/Users/bharat/Desktop/react-news/src/components/ui/skeleton.tsx": {"path":"/Users/bharat/Desktop/react-news/src/components/ui/skeleton.tsx","statementMap":{"0":{"start":{"line":1,"column":0},"end":{"line":1,"column":37}},"1":{"start":{"line":7,"column":2},"end":{"line":15,"column":4}},"2":{"start":{"line":18,"column":9},"end":{"line":18,"column":17}}},"fnMap":{"0":{"name":"Skeleton","decl":{"start":{"line":3,"column":9},"end":{"line":3,"column":17}},"loc":{"start":{"line":6,"column":39},"end":{"line":16,"column":1}}}},"branchMap":{},"s":{"0":1,"1":36,"2":1},"f":{"0":36},"b":{}}
,"/Users/bharat/Desktop/react-news/src/helper/constant.ts": {"path":"/Users/bharat/Desktop/react-news/src/helper/constant.ts","statementMap":{"0":{"start":{"line":6,"column":13},"end":{"line":6,"column":69}},"1":{"start":{"line":7,"column":13},"end":{"line":7,"column":57}}},"fnMap":{},"branchMap":{},"s":{"0":2,"1":2},"f":{},"b":{}}
,"/Users/bharat/Desktop/react-news/src/helper/httpfetcher.ts": {"path":"/Users/bharat/Desktop/react-news/src/helper/httpfetcher.ts","statementMap":{"0":{"start":{"line":2,"column":0},"end":{"line":2,"column":26}},"1":{"start":{"line":3,"column":0},"end":{"line":3,"column":37}},"2":{"start":{"line":5,"column":13},"end":{"line":8,"column":3}},"3":{"start":{"line":10,"column":19},"end":{"line":24,"column":2}},"4":{"start":{"line":14,"column":4},"end":{"line":22,"column":7}},"5":{"start":{"line":15,"column":6},"end":{"line":21,"column":11}},"6":{"start":{"line":17,"column":10},"end":{"line":17,"column":28}},"7":{"start":{"line":20,"column":10},"end":{"line":20,"column":25}},"8":{"start":{"line":26,"column":0},"end":{"line":26,"column":26}}},"fnMap":{"0":{"name":"(anonymous_1)","decl":{"start":{"line":11,"column":2},"end":{"line":11,"column":11}},"loc":{"start":{"line":12,"column":38},"end":{"line":23,"column":3}}},"1":{"name":"(anonymous_2)","decl":{"start":{"line":14,"column":48},"end":{"line":14,"column":49}},"loc":{"start":{"line":14,"column":68},"end":{"line":22,"column":5}}},"2":{"name":"(anonymous_3)","decl":{"start":{"line":16,"column":14},"end":{"line":16,"column":15}},"loc":{"start":{"line":16,"column":52},"end":{"line":18,"column":9}}},"3":{"name":"(anonymous_4)","decl":{"start":{"line":19,"column":15},"end":{"line":19,"column":16}},"loc":{"start":{"line":19,"column":38},"end":{"line":21,"column":9}}}},"branchMap":{},"s":{"0":1,"1":1,"2":1,"3":1,"4":0,"5":0,"6":0,"7":0,"8":1},"f":{"0":0,"1":0,"2":0,"3":0},"b":{}}
,"/Users/bharat/Desktop/react-news/src/lib/utils.ts": {"path":"/Users/bharat/Desktop/react-news/src/lib/utils.ts","statementMap":{"0":{"start":{"line":1,"column":0},"end":{"line":1,"column":44}},"1":{"start":{"line":2,"column":0},"end":{"line":2,"column":40}},"2":{"start":{"line":5,"column":2},"end":{"line":5,"column":null}},"3":{"start":{"line":4,"column":0},"end":{"line":4,"column":16}}},"fnMap":{"0":{"name":"cn","decl":{"start":{"line":4,"column":16},"end":{"line":4,"column":18}},"loc":{"start":{"line":4,"column":42},"end":{"line":6,"column":1}}}},"branchMap":{},"s":{"0":1,"1":1,"2":58,"3":1},"f":{"0":58},"b":{}}
}
