TN:
SF:src/components/PageHeader.tsx
FN:11,PageHeader
FN:46,PageHeaderHeading
FN:74,PageHeaderDescription
FNF:3
FNH:2
FNDA:4,PageHeader
FNDA:4,PageHeaderHeading
FNDA:0,PageHeaderDescription
DA:3,1
DA:5,1
DA:17,4
DA:24,1
DA:52,4
DA:57,1
DA:79,0
DA:84,1
LF:8
LH:7
BRDA:14,0,0,4
BRDA:49,1,0,4
BRF:2
BRH:2
end_of_record
TN:
SF:src/components/LandingPage/PopularNews.tsx
FN:11,(anonymous_1)
FN:14,(anonymous_2)
FN:15,(anonymous_3)
FN:38,(anonymous_4)
FN:43,(anonymous_5)
FNF:5
FNH:4
FNDA:4,(anonymous_1)
FNDA:2,(anonymous_2)
FNDA:2,(anonymous_3)
FNDA:12,(anonymous_4)
FNDA:0,(anonymous_5)
DA:1,1
DA:2,1
DA:3,1
DA:4,1
DA:6,1
DA:7,1
DA:9,1
DA:11,1
DA:12,4
DA:13,4
DA:14,4
DA:15,2
DA:16,2
DA:17,2
DA:21,2
DA:22,2
DA:23,2
DA:25,0
DA:26,0
DA:29,2
DA:31,4
DA:39,12
DA:43,0
DA:56,1
LF:24
LH:21
BRDA:37,0,0,4
BRDA:37,0,1,2
BRDA:42,1,0,4
BRDA:42,1,1,2
BRDA:45,2,0,4
BRDA:45,2,1,3
BRDA:45,2,2,1
BRF:7
BRH:7
end_of_record
TN:
SF:src/components/shared/NewsCard.tsx
FN:5,(anonymous_0)
FNF:1
FNH:0
FNDA:0,(anonymous_0)
DA:1,1
DA:2,1
DA:5,1
DA:6,0
DA:31,1
LF:5
LH:4
BRDA:11,0,0,0
BRDA:11,0,1,0
BRF:2
BRH:0
end_of_record
TN:
SF:src/components/skeletons/NewsCardSkeleton.tsx
FN:4,(anonymous_0)
FNF:1
FNH:1
FNDA:12,(anonymous_0)
DA:1,1
DA:2,1
DA:4,1
DA:5,12
DA:22,1
LF:5
LH:5
BRF:0
BRH:0
end_of_record
TN:
SF:src/components/ui/Card.tsx
FN:10,(anonymous_6)
FN:25,(anonymous_7)
FN:37,(anonymous_8)
FN:49,(anonymous_9)
FN:61,(anonymous_10)
FN:69,(anonymous_11)
FNF:6
FNH:2
FNDA:13,(anonymous_6)
FNDA:0,(anonymous_7)
FNDA:1,(anonymous_8)
FNDA:0,(anonymous_9)
FNDA:0,(anonymous_10)
FNDA:0,(anonymous_11)
DA:1,1
DA:3,1
DA:5,1
DA:11,13
DA:20,1
DA:22,1
DA:26,0
DA:32,1
DA:34,1
DA:38,1
DA:44,1
DA:46,1
DA:50,0
DA:56,1
DA:58,1
DA:62,0
DA:64,1
DA:66,1
DA:70,0
DA:76,1
DA:79,1
DA:80,1
DA:81,1
DA:82,1
DA:83,1
DA:84,1
LF:26
LH:22
BRDA:10,0,0,1
BRDA:37,1,0,0
BRF:2
BRH:1
end_of_record
TN:
SF:src/components/ui/skeleton.tsx
FN:3,Skeleton
FNF:1
FNH:1
FNDA:36,Skeleton
DA:1,1
DA:7,36
DA:18,1
LF:3
LH:3
BRF:0
BRH:0
end_of_record
TN:
SF:src/helper/constant.ts
FNF:0
FNH:0
DA:6,2
DA:7,2
LF:2
LH:2
BRF:0
BRH:0
end_of_record
TN:
SF:src/helper/httpfetcher.ts
FN:11,(anonymous_1)
FN:14,(anonymous_2)
FN:16,(anonymous_3)
FN:19,(anonymous_4)
FNF:4
FNH:0
FNDA:0,(anonymous_1)
FNDA:0,(anonymous_2)
FNDA:0,(anonymous_3)
FNDA:0,(anonymous_4)
DA:2,1
DA:3,1
DA:5,1
DA:10,1
DA:14,0
DA:15,0
DA:17,0
DA:20,0
DA:26,1
LF:9
LH:5
BRF:0
BRH:0
end_of_record
TN:
SF:src/lib/utils.ts
FN:4,cn
FNF:1
FNH:1
FNDA:58,cn
DA:1,1
DA:2,1
DA:4,1
DA:5,58
LF:4
LH:4
BRF:0
BRH:0
end_of_record
