TN:
SF:src/components/LandingPage/PopularNews.tsx
FN:10,(anonymous_1)
FN:13,(anonymous_2)
FN:14,(anonymous_3)
FN:34,(anonymous_4)
FN:39,(anonymous_5)
FNF:5
FNH:4
FNDA:4,(anonymous_1)
FNDA:2,(anonymous_2)
FNDA:2,(anonymous_3)
FNDA:12,(anonymous_4)
FNDA:0,(anonymous_5)
DA:1,1
DA:2,1
DA:3,1
DA:4,1
DA:6,1
DA:7,1
DA:10,1
DA:11,4
DA:12,4
DA:13,4
DA:14,2
DA:15,2
DA:16,2
DA:20,2
DA:21,1
DA:22,1
DA:24,1
DA:25,1
DA:28,2
DA:30,4
DA:35,12
DA:40,0
DA:54,1
LF:23
LH:22
BRDA:33,0,0,4
BRDA:33,0,1,2
BRDA:38,1,0,4
BRDA:38,1,1,2
BRDA:43,2,0,4
BRDA:43,2,1,4
BRDA:43,2,2,2
BRF:7
BRH:7
end_of_record
TN:
SF:src/components/shared/NewsCard.tsx
FN:5,(anonymous_0)
FNF:1
FNH:0
FNDA:0,(anonymous_0)
DA:1,1
DA:2,1
DA:5,1
DA:6,0
DA:31,1
LF:5
LH:4
BRDA:11,0,0,0
BRDA:11,0,1,0
BRF:2
BRH:0
end_of_record
TN:
SF:src/components/skeletons/NewsCardSkeleton.tsx
FN:4,(anonymous_0)
FNF:1
FNH:1
FNDA:12,(anonymous_0)
DA:1,1
DA:2,1
DA:4,1
DA:5,12
DA:22,1
LF:5
LH:5
BRF:0
BRH:0
end_of_record
TN:
SF:src/components/ui/Card.tsx
FN:10,(anonymous_6)
FN:25,(anonymous_7)
FN:37,(anonymous_8)
FN:49,(anonymous_9)
FN:61,(anonymous_10)
FN:69,(anonymous_11)
FNF:6
FNH:2
FNDA:14,(anonymous_6)
FNDA:0,(anonymous_7)
FNDA:2,(anonymous_8)
FNDA:0,(anonymous_9)
FNDA:0,(anonymous_10)
FNDA:0,(anonymous_11)
DA:1,1
DA:3,1
DA:5,1
DA:11,14
DA:20,1
DA:22,1
DA:26,0
DA:32,1
DA:34,1
DA:38,2
DA:44,1
DA:46,1
DA:50,0
DA:56,1
DA:58,1
DA:62,0
DA:64,1
DA:66,1
DA:70,0
DA:76,1
DA:79,1
DA:80,1
DA:81,1
DA:82,1
DA:83,1
DA:84,1
LF:26
LH:22
BRDA:10,0,0,2
BRDA:37,1,0,0
BRF:2
BRH:1
end_of_record
TN:
SF:src/components/ui/skeleton.tsx
FN:3,Skeleton
FNF:1
FNH:1
FNDA:36,Skeleton
DA:1,1
DA:7,36
DA:18,1
LF:3
LH:3
BRF:0
BRH:0
end_of_record
TN:
SF:src/helper/constant.ts
FNF:0
FNH:0
DA:1,2
DA:2,2
LF:2
LH:2
BRF:0
BRH:0
end_of_record
TN:
SF:src/helper/httpfetcher.ts
FN:13,(anonymous_1)
FN:16,(anonymous_2)
FN:22,(anonymous_3)
FN:23,(anonymous_4)
FN:39,(anonymous_5)
FN:42,(anonymous_6)
FN:44,(anonymous_7)
FN:47,(anonymous_8)
FNF:8
FNH:0
FNDA:0,(anonymous_1)
FNDA:0,(anonymous_2)
FNDA:0,(anonymous_3)
FNDA:0,(anonymous_4)
FNDA:0,(anonymous_5)
FNDA:0,(anonymous_6)
FNDA:0,(anonymous_7)
FNDA:0,(anonymous_8)
DA:2,1
DA:3,1
DA:5,1
DA:7,1
DA:12,1
DA:14,0
DA:17,0
DA:21,1
DA:22,0
DA:24,0
DA:26,0
DA:28,0
DA:33,0
DA:38,1
DA:42,0
DA:43,0
DA:45,0
DA:48,0
DA:54,1
LF:19
LH:8
BRDA:28,0,0,0
BRDA:29,1,0,0
BRDA:29,1,1,0
BRDA:29,1,2,0
BRF:4
BRH:0
end_of_record
TN:
SF:src/lib/utils.ts
FN:4,cn
FNF:1
FNH:1
FNDA:52,cn
DA:1,1
DA:2,1
DA:4,1
DA:5,52
LF:4
LH:4
BRF:0
BRH:0
end_of_record
